<component name="libraryTable">
  <library name="junit">
    <CLASSES>
      <root url="jar://C:/Program Files (x86)/scala/lib/scala-actors-2.11.0.jar!/" />
      <root url="jar://C:/Program Files (x86)/scala/lib/scala-swing_2.11-1.0.1.jar!/" />
      <root url="jar://C:/Program Files (x86)/scala/lib/scala-library.jar!/" />
      <root url="jar://C:/Program Files (x86)/scala/lib/scala-xml_2.11-1.0.2.jar!/" />
      <root url="jar://C:/Program Files (x86)/scala/lib/akka-actor_2.11-2.3.4.jar!/" />
      <root url="jar://C:/Program Files (x86)/scala/lib/config-1.2.1.jar!/" />
      <root url="jar://C:/Program Files (x86)/scala/lib/jline-2.12.jar!/" />
      <root url="jar://C:/Program Files (x86)/scala/lib/scala-actors-migration_2.11-1.1.0.jar!/" />
      <root url="jar://C:/Program Files (x86)/scala/lib/scala-compiler.jar!/" />
      <root url="jar://C:/Program Files (x86)/scala/lib/scala-continuations-library_2.11-1.0.2.jar!/" />
      <root url="jar://C:/Program Files (x86)/scala/lib/scala-continuations-plugin_2.11.2-1.0.2.jar!/" />
      <root url="jar://C:/Program Files (x86)/scala/lib/scala-parser-combinators_2.11-1.0.2.jar!/" />
      <root url="jar://C:/Program Files (x86)/scala/lib/scala-reflect.jar!/" />
      <root url="jar://C:/Program Files (x86)/scala/lib/scalap-2.11.2.jar!/" />
      <root url="jar://$PROJECT_DIR$/lib/log4j-1.2.17.jar!/" />
      <root url="jar://$PROJECT_DIR$/lib/scalatest_2.11-2.2.1.jar!/" />
      <root url="jar://$PROJECT_DIR$/lib/hamcrest-core-1.3.jar!/" />
      <root url="jar://$PROJECT_DIR$/lib/junit-4.12-beta-1.jar!/" />
    </CLASSES>
    <JAVADOC>
      <root url="file://C:/Program Files (x86)/scala/doc/tools" />
    </JAVADOC>
    <SOURCES />
  </library>
</component>